[2022-10-31 16:12:28] local.ERROR: syntax error, unexpected token "elseif" (View: D:\BINUS\Sem 5\Web Prog\LEC\Forum\Forum 1\GSLC Blade Feature\GSLC1\resources\views\layout\header.blade.php) {"view":{"view":"D:\\BINUS\\Sem 5\\Web Prog\\LEC\\Forum\\Forum 1\\GSLC Blade Feature\\GSLC1\\resources\\views/layout/header.blade.php","data":{"errors":"<pre class=sf-dump id=sf-dump-1837527552 data-indent-pad=\"  \"><span class=sf-dump-note>Illuminate\\Support\\ViewErrorBag</span> {<a class=sf-dump-ref>#279</a><samp data-depth=1 class=sf-dump-expanded>
  #<span class=sf-dump-protected title=\"Protected property\">bags</span>: []
</samp>}
</pre><script>Sfdump(\"sf-dump-1837527552\", {\"maxDepth\":3,\"maxStringLength\":160})</script>
","menu":"<pre class=sf-dump id=sf-dump-1661700001 data-indent-pad=\"  \">\"<span class=sf-dump-str title=\"5 characters\">about</span>\"
</pre><script>Sfdump(\"sf-dump-1661700001\", {\"maxDepth\":3,\"maxStringLength\":160})</script>
"}},"exception":"[object] (Facade\\Ignition\\Exceptions\\ViewException(code: 0): syntax error, unexpected token \"elseif\" (View: D:\\BINUS\\Sem 5\\Web Prog\\LEC\\Forum\\Forum 1\\GSLC Blade Feature\\GSLC1\\resources\\views\\layout\\header.blade.php) at D:\\BINUS\\Sem 5\\Web Prog\\LEC\\Forum\\Forum 1\\GSLC Blade Feature\\GSLC1\\resources\\views/layout/header.blade.php:14)
[stacktrace]
#0 D:\\BINUS\\Sem 5\\Web Prog\\LEC\\Forum\\Forum 1\\GSLC Blade Feature\\GSLC1\\vendor\\laravel\\framework\\src\\Illuminate\\Filesystem\\Filesystem.php(108): Illuminate\\Filesystem\\Filesystem::Illuminate\\Filesystem\\{closure}()
#1 D:\\BINUS\\Sem 5\\Web Prog\\LEC\\Forum\\Forum 1\\GSLC Blade Feature\\GSLC1\\vendor\\laravel\\framework\\src\\Illuminate\\View\\Engines\\PhpEngine.php(58): Illuminate\\Filesystem\\Filesystem->getRequire('D:\\\\BINUS\\\\Sem 5\\\\...', Array)
#2 D:\\BINUS\\Sem 5\\Web Prog\\LEC\\Forum\\Forum 1\\GSLC Blade Feature\\GSLC1\\vendor\\laravel\\framework\\src\\Illuminate\\View\\Engines\\CompilerEngine.php(61): Illuminate\\View\\Engines\\PhpEngine->evaluatePath('D:\\\\BINUS\\\\Sem 5\\\\...', Array)
#3 D:\\BINUS\\Sem 5\\Web Prog\\LEC\\Forum\\Forum 1\\GSLC Blade Feature\\GSLC1\\vendor\\facade\\ignition\\src\\Views\\Engines\\CompilerEngine.php(37): Illuminate\\View\\Engines\\CompilerEngine->get('D:\\\\BINUS\\\\Sem 5\\\\...', Array)
#4 D:\\BINUS\\Sem 5\\Web Prog\\LEC\\Forum\\Forum 1\\GSLC Blade Feature\\GSLC1\\vendor\\laravel\\framework\\src\\Illuminate\\View\\View.php(139): Facade\\Ignition\\Views\\Engines\\CompilerEngine->get('D:\\\\BINUS\\\\Sem 5\\\\...', Array)
#5 D:\\BINUS\\Sem 5\\Web Prog\\LEC\\Forum\\Forum 1\\GSLC Blade Feature\\GSLC1\\vendor\\laravel\\framework\\src\\Illuminate\\View\\View.php(122): Illuminate\\View\\View->getContents()
#6 D:\\BINUS\\Sem 5\\Web Prog\\LEC\\Forum\\Forum 1\\GSLC Blade Feature\\GSLC1\\vendor\\laravel\\framework\\src\\Illuminate\\View\\View.php(91): Illuminate\\View\\View->renderContents()
#7 D:\\BINUS\\Sem 5\\Web Prog\\LEC\\Forum\\Forum 1\\GSLC Blade Feature\\GSLC1\\resources\\views/layout/main.blade.php(11): Illuminate\\View\\View->render()
#8 D:\\BINUS\\Sem 5\\Web Prog\\LEC\\Forum\\Forum 1\\GSLC Blade Feature\\GSLC1\\vendor\\laravel\\framework\\src\\Illuminate\\Filesystem\\Filesystem.php(107): require('D:\\\\BINUS\\\\Sem 5\\\\...')
#9 D:\\BINUS\\Sem 5\\Web Prog\\LEC\\Forum\\Forum 1\\GSLC Blade Feature\\GSLC1\\vendor\\laravel\\framework\\src\\Illuminate\\Filesystem\\Filesystem.php(108): Illuminate\\Filesystem\\Filesystem::Illuminate\\Filesystem\\{closure}()
#10 D:\\BINUS\\Sem 5\\Web Prog\\LEC\\Forum\\Forum 1\\GSLC Blade Feature\\GSLC1\\vendor\\laravel\\framework\\src\\Illuminate\\View\\Engines\\PhpEngine.php(58): Illuminate\\Filesystem\\Filesystem->getRequire('D:\\\\BINUS\\\\Sem 5\\\\...', Array)
#11 D:\\BINUS\\Sem 5\\Web Prog\\LEC\\Forum\\Forum 1\\GSLC Blade Feature\\GSLC1\\vendor\\laravel\\framework\\src\\Illuminate\\View\\Engines\\CompilerEngine.php(61): Illuminate\\View\\Engines\\PhpEngine->evaluatePath('D:\\\\BINUS\\\\Sem 5\\\\...', Array)
#12 D:\\BINUS\\Sem 5\\Web Prog\\LEC\\Forum\\Forum 1\\GSLC Blade Feature\\GSLC1\\vendor\\facade\\ignition\\src\\Views\\Engines\\CompilerEngine.php(37): Illuminate\\View\\Engines\\CompilerEngine->get('D:\\\\BINUS\\\\Sem 5\\\\...', Array)
#13 D:\\BINUS\\Sem 5\\Web Prog\\LEC\\Forum\\Forum 1\\GSLC Blade Feature\\GSLC1\\vendor\\laravel\\framework\\src\\Illuminate\\View\\View.php(139): Facade\\Ignition\\Views\\Engines\\CompilerEngine->get('D:\\\\BINUS\\\\Sem 5\\\\...', Array)
#14 D:\\BINUS\\Sem 5\\Web Prog\\LEC\\Forum\\Forum 1\\GSLC Blade Feature\\GSLC1\\vendor\\laravel\\framework\\src\\Illuminate\\View\\View.php(122): Illuminate\\View\\View->getContents()
#15 D:\\BINUS\\Sem 5\\Web Prog\\LEC\\Forum\\Forum 1\\GSLC Blade Feature\\GSLC1\\vendor\\laravel\\framework\\src\\Illuminate\\View\\View.php(91): Illuminate\\View\\View->renderContents()
#16 D:\\BINUS\\Sem 5\\Web Prog\\LEC\\Forum\\Forum 1\\GSLC Blade Feature\\GSLC1\\resources\\views/about.blade.php(17): Illuminate\\View\\View->render()
#17 D:\\BINUS\\Sem 5\\Web Prog\\LEC\\Forum\\Forum 1\\GSLC Blade Feature\\GSLC1\\vendor\\laravel\\framework\\src\\Illuminate\\Filesystem\\Filesystem.php(107): require('D:\\\\BINUS\\\\Sem 5\\\\...')
#18 D:\\BINUS\\Sem 5\\Web Prog\\LEC\\Forum\\Forum 1\\GSLC Blade Feature\\GSLC1\\vendor\\laravel\\framework\\src\\Illuminate\\Filesystem\\Filesystem.php(108): Illuminate\\Filesystem\\Filesystem::Illuminate\\Filesystem\\{closure}()
#19 D:\\BINUS\\Sem 5\\Web Prog\\LEC\\Forum\\Forum 1\\GSLC Blade Feature\\GSLC1\\vendor\\laravel\\framework\\src\\Illuminate\\View\\Engines\\PhpEngine.php(58): Illuminate\\Filesystem\\Filesystem->getRequire('D:\\\\BINUS\\\\Sem 5\\\\...', Array)
#20 D:\\BINUS\\Sem 5\\Web Prog\\LEC\\Forum\\Forum 1\\GSLC Blade Feature\\GSLC1\\vendor\\laravel\\framework\\src\\Illuminate\\View\\Engines\\CompilerEngine.php(61): Illuminate\\View\\Engines\\PhpEngine->evaluatePath('D:\\\\BINUS\\\\Sem 5\\\\...', Array)
#21 D:\\BINUS\\Sem 5\\Web Prog\\LEC\\Forum\\Forum 1\\GSLC Blade Feature\\GSLC1\\vendor\\facade\\ignition\\src\\Views\\Engines\\CompilerEngine.php(37): Illuminate\\View\\Engines\\CompilerEngine->get('D:\\\\BINUS\\\\Sem 5\\\\...', Array)
#22 D:\\BINUS\\Sem 5\\Web Prog\\LEC\\Forum\\Forum 1\\GSLC Blade Feature\\GSLC1\\vendor\\laravel\\framework\\src\\Illuminate\\View\\View.php(139): Facade\\Ignition\\Views\\Engines\\CompilerEngine->get('D:\\\\BINUS\\\\Sem 5\\\\...', Array)
#23 D:\\BINUS\\Sem 5\\Web Prog\\LEC\\Forum\\Forum 1\\GSLC Blade Feature\\GSLC1\\vendor\\laravel\\framework\\src\\Illuminate\\View\\View.php(122): Illuminate\\View\\View->getContents()
#24 D:\\BINUS\\Sem 5\\Web Prog\\LEC\\Forum\\Forum 1\\GSLC Blade Feature\\GSLC1\\vendor\\laravel\\framework\\src\\Illuminate\\View\\View.php(91): Illuminate\\View\\View->renderContents()
#25 D:\\BINUS\\Sem 5\\Web Prog\\LEC\\Forum\\Forum 1\\GSLC Blade Feature\\GSLC1\\vendor\\laravel\\framework\\src\\Illuminate\\Http\\Response.php(69): Illuminate\\View\\View->render()
#26 D:\\BINUS\\Sem 5\\Web Prog\\LEC\\Forum\\Forum 1\\GSLC Blade Feature\\GSLC1\\vendor\\laravel\\framework\\src\\Illuminate\\Http\\Response.php(35): Illuminate\\Http\\Response->setContent(Object(Illuminate\\View\\View))
#27 D:\\BINUS\\Sem 5\\Web Prog\\LEC\\Forum\\Forum 1\\GSLC Blade Feature\\GSLC1\\vendor\\laravel\\framework\\src\\Illuminate\\Routing\\Router.php(820): Illuminate\\Http\\Response->__construct(Object(Illuminate\\View\\View), 200, Array)
#28 D:\\BINUS\\Sem 5\\Web Prog\\LEC\\Forum\\Forum 1\\GSLC Blade Feature\\GSLC1\\vendor\\laravel\\framework\\src\\Illuminate\\Routing\\Router.php(789): Illuminate\\Routing\\Router::toResponse(Object(Illuminate\\Http\\Request), Object(Illuminate\\View\\View))
#29 D:\\BINUS\\Sem 5\\Web Prog\\LEC\\Forum\\Forum 1\\GSLC Blade Feature\\GSLC1\\vendor\\laravel\\framework\\src\\Illuminate\\Routing\\Router.php(721): Illuminate\\Routing\\Router->prepareResponse(Object(Illuminate\\Http\\Request), Object(Illuminate\\View\\View))
#30 D:\\BINUS\\Sem 5\\Web Prog\\LEC\\Forum\\Forum 1\\GSLC Blade Feature\\GSLC1\\vendor\\laravel\\framework\\src\\Illuminate\\Pipeline\\Pipeline.php(128): Illuminate\\Routing\\Router->Illuminate\\Routing\\{closure}(Object(Illuminate\\Http\\Request))
#31 D:\\BINUS\\Sem 5\\Web Prog\\LEC\\Forum\\Forum 1\\GSLC Blade Feature\\GSLC1\\vendor\\laravel\\framework\\src\\Illuminate\\Routing\\Middleware\\SubstituteBindings.php(50): Illuminate\\Pipeline\\Pipeline->Illuminate\\Pipeline\\{closure}(Object(Illuminate\\Http\\Request))
#32 D:\\BINUS\\Sem 5\\Web Prog\\LEC\\Forum\\Forum 1\\GSLC Blade Feature\\GSLC1\\vendor\\laravel\\framework\\src\\Illuminate\\Pipeline\\Pipeline.php(167): Illuminate\\Routing\\Middleware\\SubstituteBindings->handle(Object(Illuminate\\Http\\Request), Object(Closure))
#33 D:\\BINUS\\Sem 5\\Web Prog\\LEC\\Forum\\Forum 1\\GSLC Blade Feature\\GSLC1\\vendor\\laravel\\framework\\src\\Illuminate\\Foundation\\Http\\Middleware\\VerifyCsrfToken.php(78): Illuminate\\Pipeline\\Pipeline->Illuminate\\Pipeline\\{closure}(Object(Illuminate\\Http\\Request))
#34 D:\\BINUS\\Sem 5\\Web Prog\\LEC\\Forum\\Forum 1\\GSLC Blade Feature\\GSLC1\\vendor\\laravel\\framework\\src\\Illuminate\\Pipeline\\Pipeline.php(167): Illuminate\\Foundation\\Http\\Middleware\\VerifyCsrfToken->handle(Object(Illuminate\\Http\\Request), Object(Closure))
#35 D:\\BINUS\\Sem 5\\Web Prog\\LEC\\Forum\\Forum 1\\GSLC Blade Feature\\GSLC1\\vendor\\laravel\\framework\\src\\Illuminate\\View\\Middleware\\ShareErrorsFromSession.php(49): Illuminate\\Pipeline\\Pipeline->Illuminate\\Pipeline\\{closure}(Object(Illuminate\\Http\\Request))
#36 D:\\BINUS\\Sem 5\\Web Prog\\LEC\\Forum\\Forum 1\\GSLC Blade Feature\\GSLC1\\vendor\\laravel\\framework\\src\\Illuminate\\Pipeline\\Pipeline.php(167): Illuminate\\View\\Middleware\\ShareErrorsFromSession->handle(Object(Illuminate\\Http\\Request), Object(Closure))
#37 D:\\BINUS\\Sem 5\\Web Prog\\LEC\\Forum\\Forum 1\\GSLC Blade Feature\\GSLC1\\vendor\\laravel\\framework\\src\\Illuminate\\Session\\Middleware\\StartSession.php(121): Illuminate\\Pipeline\\Pipeline->Illuminate\\Pipeline\\{closure}(Object(Illuminate\\Http\\Request))
#38 D:\\BINUS\\Sem 5\\Web Prog\\LEC\\Forum\\Forum 1\\GSLC Blade Feature\\GSLC1\\vendor\\laravel\\framework\\src\\Illuminate\\Session\\Middleware\\StartSession.php(64): Illuminate\\Session\\Middleware\\StartSession->handleStatefulRequest(Object(Illuminate\\Http\\Request), Object(Illuminate\\Session\\Store), Object(Closure))
#39 D:\\BINUS\\Sem 5\\Web Prog\\LEC\\Forum\\Forum 1\\GSLC Blade Feature\\GSLC1\\vendor\\laravel\\framework\\src\\Illuminate\\Pipeline\\Pipeline.php(167): Illuminate\\Session\\Middleware\\StartSession->handle(Object(Illuminate\\Http\\Request), Object(Closure))
#40 D:\\BINUS\\Sem 5\\Web Prog\\LEC\\Forum\\Forum 1\\GSLC Blade Feature\\GSLC1\\vendor\\laravel\\framework\\src\\Illuminate\\Cookie\\Middleware\\AddQueuedCookiesToResponse.php(37): Illuminate\\Pipeline\\Pipeline->Illuminate\\Pipeline\\{closure}(Object(Illuminate\\Http\\Request))
#41 D:\\BINUS\\Sem 5\\Web Prog\\LEC\\Forum\\Forum 1\\GSLC Blade Feature\\GSLC1\\vendor\\laravel\\framework\\src\\Illuminate\\Pipeline\\Pipeline.php(167): Illuminate\\Cookie\\Middleware\\AddQueuedCookiesToResponse->handle(Object(Illuminate\\Http\\Request), Object(Closure))
#42 D:\\BINUS\\Sem 5\\Web Prog\\LEC\\Forum\\Forum 1\\GSLC Blade Feature\\GSLC1\\vendor\\laravel\\framework\\src\\Illuminate\\Cookie\\Middleware\\EncryptCookies.php(67): Illuminate\\Pipeline\\Pipeline->Illuminate\\Pipeline\\{closure}(Object(Illuminate\\Http\\Request))
#43 D:\\BINUS\\Sem 5\\Web Prog\\LEC\\Forum\\Forum 1\\GSLC Blade Feature\\GSLC1\\vendor\\laravel\\framework\\src\\Illuminate\\Pipeline\\Pipeline.php(167): Illuminate\\Cookie\\Middleware\\EncryptCookies->handle(Object(Illuminate\\Http\\Request), Object(Closure))
#44 D:\\BINUS\\Sem 5\\Web Prog\\LEC\\Forum\\Forum 1\\GSLC Blade Feature\\GSLC1\\vendor\\laravel\\framework\\src\\Illuminate\\Pipeline\\Pipeline.php(103): Illuminate\\Pipeline\\Pipeline->Illuminate\\Pipeline\\{closure}(Object(Illuminate\\Http\\Request))
#45 D:\\BINUS\\Sem 5\\Web Prog\\LEC\\Forum\\Forum 1\\GSLC Blade Feature\\GSLC1\\vendor\\laravel\\framework\\src\\Illuminate\\Routing\\Router.php(723): Illuminate\\Pipeline\\Pipeline->then(Object(Closure))
#46 D:\\BINUS\\Sem 5\\Web Prog\\LEC\\Forum\\Forum 1\\GSLC Blade Feature\\GSLC1\\vendor\\laravel\\framework\\src\\Illuminate\\Routing\\Router.php(698): Illuminate\\Routing\\Router->runRouteWithinStack(Object(Illuminate\\Routing\\Route), Object(Illuminate\\Http\\Request))
#47 D:\\BINUS\\Sem 5\\Web Prog\\LEC\\Forum\\Forum 1\\GSLC Blade Feature\\GSLC1\\vendor\\laravel\\framework\\src\\Illuminate\\Routing\\Router.php(662): Illuminate\\Routing\\Router->runRoute(Object(Illuminate\\Http\\Request), Object(Illuminate\\Routing\\Route))
#48 D:\\BINUS\\Sem 5\\Web Prog\\LEC\\Forum\\Forum 1\\GSLC Blade Feature\\GSLC1\\vendor\\laravel\\framework\\src\\Illuminate\\Routing\\Router.php(651): Illuminate\\Routing\\Router->dispatchToRoute(Object(Illuminate\\Http\\Request))
#49 D:\\BINUS\\Sem 5\\Web Prog\\LEC\\Forum\\Forum 1\\GSLC Blade Feature\\GSLC1\\vendor\\laravel\\framework\\src\\Illuminate\\Foundation\\Http\\Kernel.php(167): Illuminate\\Routing\\Router->dispatch(Object(Illuminate\\Http\\Request))
#50 D:\\BINUS\\Sem 5\\Web Prog\\LEC\\Forum\\Forum 1\\GSLC Blade Feature\\GSLC1\\vendor\\laravel\\framework\\src\\Illuminate\\Pipeline\\Pipeline.php(128): Illuminate\\Foundation\\Http\\Kernel->Illuminate\\Foundation\\Http\\{closure}(Object(Illuminate\\Http\\Request))
#51 D:\\BINUS\\Sem 5\\Web Prog\\LEC\\Forum\\Forum 1\\GSLC Blade Feature\\GSLC1\\vendor\\laravel\\framework\\src\\Illuminate\\Foundation\\Http\\Middleware\\TransformsRequest.php(21): Illuminate\\Pipeline\\Pipeline->Illuminate\\Pipeline\\{closure}(Object(Illuminate\\Http\\Request))
#52 D:\\BINUS\\Sem 5\\Web Prog\\LEC\\Forum\\Forum 1\\GSLC Blade Feature\\GSLC1\\vendor\\laravel\\framework\\src\\Illuminate\\Foundation\\Http\\Middleware\\ConvertEmptyStringsToNull.php(31): Illuminate\\Foundation\\Http\\Middleware\\TransformsRequest->handle(Object(Illuminate\\Http\\Request), Object(Closure))
#53 D:\\BINUS\\Sem 5\\Web Prog\\LEC\\Forum\\Forum 1\\GSLC Blade Feature\\GSLC1\\vendor\\laravel\\framework\\src\\Illuminate\\Pipeline\\Pipeline.php(167): Illuminate\\Foundation\\Http\\Middleware\\ConvertEmptyStringsToNull->handle(Object(Illuminate\\Http\\Request), Object(Closure))
#54 D:\\BINUS\\Sem 5\\Web Prog\\LEC\\Forum\\Forum 1\\GSLC Blade Feature\\GSLC1\\vendor\\laravel\\framework\\src\\Illuminate\\Foundation\\Http\\Middleware\\TransformsRequest.php(21): Illuminate\\Pipeline\\Pipeline->Illuminate\\Pipeline\\{closure}(Object(Illuminate\\Http\\Request))
#55 D:\\BINUS\\Sem 5\\Web Prog\\LEC\\Forum\\Forum 1\\GSLC Blade Feature\\GSLC1\\vendor\\laravel\\framework\\src\\Illuminate\\Foundation\\Http\\Middleware\\TrimStrings.php(40): Illuminate\\Foundation\\Http\\Middleware\\TransformsRequest->handle(Object(Illuminate\\Http\\Request), Object(Closure))
#56 D:\\BINUS\\Sem 5\\Web Prog\\LEC\\Forum\\Forum 1\\GSLC Blade Feature\\GSLC1\\vendor\\laravel\\framework\\src\\Illuminate\\Pipeline\\Pipeline.php(167): Illuminate\\Foundation\\Http\\Middleware\\TrimStrings->handle(Object(Illuminate\\Http\\Request), Object(Closure))
#57 D:\\BINUS\\Sem 5\\Web Prog\\LEC\\Forum\\Forum 1\\GSLC Blade Feature\\GSLC1\\vendor\\laravel\\framework\\src\\Illuminate\\Foundation\\Http\\Middleware\\ValidatePostSize.php(27): Illuminate\\Pipeline\\Pipeline->Illuminate\\Pipeline\\{closure}(Object(Illuminate\\Http\\Request))
#58 D:\\BINUS\\Sem 5\\Web Prog\\LEC\\Forum\\Forum 1\\GSLC Blade Feature\\GSLC1\\vendor\\laravel\\framework\\src\\Illuminate\\Pipeline\\Pipeline.php(167): Illuminate\\Foundation\\Http\\Middleware\\ValidatePostSize->handle(Object(Illuminate\\Http\\Request), Object(Closure))
#59 D:\\BINUS\\Sem 5\\Web Prog\\LEC\\Forum\\Forum 1\\GSLC Blade Feature\\GSLC1\\vendor\\laravel\\framework\\src\\Illuminate\\Foundation\\Http\\Middleware\\PreventRequestsDuringMaintenance.php(86): Illuminate\\Pipeline\\Pipeline->Illuminate\\Pipeline\\{closure}(Object(Illuminate\\Http\\Request))
#60 D:\\BINUS\\Sem 5\\Web Prog\\LEC\\Forum\\Forum 1\\GSLC Blade Feature\\GSLC1\\vendor\\laravel\\framework\\src\\Illuminate\\Pipeline\\Pipeline.php(167): Illuminate\\Foundation\\Http\\Middleware\\PreventRequestsDuringMaintenance->handle(Object(Illuminate\\Http\\Request), Object(Closure))
#61 D:\\BINUS\\Sem 5\\Web Prog\\LEC\\Forum\\Forum 1\\GSLC Blade Feature\\GSLC1\\vendor\\fruitcake\\laravel-cors\\src\\HandleCors.php(38): Illuminate\\Pipeline\\Pipeline->Illuminate\\Pipeline\\{closure}(Object(Illuminate\\Http\\Request))
#62 D:\\BINUS\\Sem 5\\Web Prog\\LEC\\Forum\\Forum 1\\GSLC Blade Feature\\GSLC1\\vendor\\laravel\\framework\\src\\Illuminate\\Pipeline\\Pipeline.php(167): Fruitcake\\Cors\\HandleCors->handle(Object(Illuminate\\Http\\Request), Object(Closure))
#63 D:\\BINUS\\Sem 5\\Web Prog\\LEC\\Forum\\Forum 1\\GSLC Blade Feature\\GSLC1\\vendor\\laravel\\framework\\src\\Illuminate\\Http\\Middleware\\TrustProxies.php(39): Illuminate\\Pipeline\\Pipeline->Illuminate\\Pipeline\\{closure}(Object(Illuminate\\Http\\Request))
#64 D:\\BINUS\\Sem 5\\Web Prog\\LEC\\Forum\\Forum 1\\GSLC Blade Feature\\GSLC1\\vendor\\laravel\\framework\\src\\Illuminate\\Pipeline\\Pipeline.php(167): Illuminate\\Http\\Middleware\\TrustProxies->handle(Object(Illuminate\\Http\\Request), Object(Closure))
#65 D:\\BINUS\\Sem 5\\Web Prog\\LEC\\Forum\\Forum 1\\GSLC Blade Feature\\GSLC1\\vendor\\laravel\\framework\\src\\Illuminate\\Pipeline\\Pipeline.php(103): Illuminate\\Pipeline\\Pipeline->Illuminate\\Pipeline\\{closure}(Object(Illuminate\\Http\\Request))
#66 D:\\BINUS\\Sem 5\\Web Prog\\LEC\\Forum\\Forum 1\\GSLC Blade Feature\\GSLC1\\vendor\\laravel\\framework\\src\\Illuminate\\Foundation\\Http\\Kernel.php(142): Illuminate\\Pipeline\\Pipeline->then(Object(Closure))
#67 D:\\BINUS\\Sem 5\\Web Prog\\LEC\\Forum\\Forum 1\\GSLC Blade Feature\\GSLC1\\vendor\\laravel\\framework\\src\\Illuminate\\Foundation\\Http\\Kernel.php(111): Illuminate\\Foundation\\Http\\Kernel->sendRequestThroughRouter(Object(Illuminate\\Http\\Request))
#68 D:\\BINUS\\Sem 5\\Web Prog\\LEC\\Forum\\Forum 1\\GSLC Blade Feature\\GSLC1\\public\\index.php(52): Illuminate\\Foundation\\Http\\Kernel->handle(Object(Illuminate\\Http\\Request))
#69 D:\\BINUS\\Sem 5\\Web Prog\\LEC\\Forum\\Forum 1\\GSLC Blade Feature\\GSLC1\\server.php(21): require_once('D:\\\\BINUS\\\\Sem 5\\\\...')
#70 {main}

[previous exception] [object] (ParseError(code: 0): syntax error, unexpected token \"elseif\" at D:\\BINUS\\Sem 5\\Web Prog\\LEC\\Forum\\Forum 1\\GSLC Blade Feature\\GSLC1\\storage\\framework\\views\\f8a597e7ebb94c086cdeabb338e819ea29b6d321.php:14)
[stacktrace]
#0 D:\\BINUS\\Sem 5\\Web Prog\\LEC\\Forum\\Forum 1\\GSLC Blade Feature\\GSLC1\\vendor\\laravel\\framework\\src\\Illuminate\\Filesystem\\Filesystem.php(108): Illuminate\\Filesystem\\Filesystem::Illuminate\\Filesystem\\{closure}()
#1 D:\\BINUS\\Sem 5\\Web Prog\\LEC\\Forum\\Forum 1\\GSLC Blade Feature\\GSLC1\\vendor\\laravel\\framework\\src\\Illuminate\\View\\Engines\\PhpEngine.php(58): Illuminate\\Filesystem\\Filesystem->getRequire('D:\\\\BINUS\\\\Sem 5\\\\...', Array)
#2 D:\\BINUS\\Sem 5\\Web Prog\\LEC\\Forum\\Forum 1\\GSLC Blade Feature\\GSLC1\\vendor\\laravel\\framework\\src\\Illuminate\\View\\Engines\\CompilerEngine.php(61): Illuminate\\View\\Engines\\PhpEngine->evaluatePath('D:\\\\BINUS\\\\Sem 5\\\\...', Array)
#3 D:\\BINUS\\Sem 5\\Web Prog\\LEC\\Forum\\Forum 1\\GSLC Blade Feature\\GSLC1\\vendor\\facade\\ignition\\src\\Views\\Engines\\CompilerEngine.php(37): Illuminate\\View\\Engines\\CompilerEngine->get('D:\\\\BINUS\\\\Sem 5\\\\...', Array)
#4 D:\\BINUS\\Sem 5\\Web Prog\\LEC\\Forum\\Forum 1\\GSLC Blade Feature\\GSLC1\\vendor\\laravel\\framework\\src\\Illuminate\\View\\View.php(139): Facade\\Ignition\\Views\\Engines\\CompilerEngine->get('D:\\\\BINUS\\\\Sem 5\\\\...', Array)
#5 D:\\BINUS\\Sem 5\\Web Prog\\LEC\\Forum\\Forum 1\\GSLC Blade Feature\\GSLC1\\vendor\\laravel\\framework\\src\\Illuminate\\View\\View.php(122): Illuminate\\View\\View->getContents()
#6 D:\\BINUS\\Sem 5\\Web Prog\\LEC\\Forum\\Forum 1\\GSLC Blade Feature\\GSLC1\\vendor\\laravel\\framework\\src\\Illuminate\\View\\View.php(91): Illuminate\\View\\View->renderContents()
#7 D:\\BINUS\\Sem 5\\Web Prog\\LEC\\Forum\\Forum 1\\GSLC Blade Feature\\GSLC1\\storage\\framework\\views\\0e756e4e449743316b8857b15c705811602c352c.php(11): Illuminate\\View\\View->render()
#8 D:\\BINUS\\Sem 5\\Web Prog\\LEC\\Forum\\Forum 1\\GSLC Blade Feature\\GSLC1\\vendor\\laravel\\framework\\src\\Illuminate\\Filesystem\\Filesystem.php(107): require('D:\\\\BINUS\\\\Sem 5\\\\...')
#9 D:\\BINUS\\Sem 5\\Web Prog\\LEC\\Forum\\Forum 1\\GSLC Blade Feature\\GSLC1\\vendor\\laravel\\framework\\src\\Illuminate\\Filesystem\\Filesystem.php(108): Illuminate\\Filesystem\\Filesystem::Illuminate\\Filesystem\\{closure}()
#10 D:\\BINUS\\Sem 5\\Web Prog\\LEC\\Forum\\Forum 1\\GSLC Blade Feature\\GSLC1\\vendor\\laravel\\framework\\src\\Illuminate\\View\\Engines\\PhpEngine.php(58): Illuminate\\Filesystem\\Filesystem->getRequire('D:\\\\BINUS\\\\Sem 5\\\\...', Array)
#11 D:\\BINUS\\Sem 5\\Web Prog\\LEC\\Forum\\Forum 1\\GSLC Blade Feature\\GSLC1\\vendor\\laravel\\framework\\src\\Illuminate\\View\\Engines\\CompilerEngine.php(61): Illuminate\\View\\Engines\\PhpEngine->evaluatePath('D:\\\\BINUS\\\\Sem 5\\\\...', Array)
#12 D:\\BINUS\\Sem 5\\Web Prog\\LEC\\Forum\\Forum 1\\GSLC Blade Feature\\GSLC1\\vendor\\facade\\ignition\\src\\Views\\Engines\\CompilerEngine.php(37): Illuminate\\View\\Engines\\CompilerEngine->get('D:\\\\BINUS\\\\Sem 5\\\\...', Array)
#13 D:\\BINUS\\Sem 5\\Web Prog\\LEC\\Forum\\Forum 1\\GSLC Blade Feature\\GSLC1\\vendor\\laravel\\framework\\src\\Illuminate\\View\\View.php(139): Facade\\Ignition\\Views\\Engines\\CompilerEngine->get('D:\\\\BINUS\\\\Sem 5\\\\...', Array)
#14 D:\\BINUS\\Sem 5\\Web Prog\\LEC\\Forum\\Forum 1\\GSLC Blade Feature\\GSLC1\\vendor\\laravel\\framework\\src\\Illuminate\\View\\View.php(122): Illuminate\\View\\View->getContents()
#15 D:\\BINUS\\Sem 5\\Web Prog\\LEC\\Forum\\Forum 1\\GSLC Blade Feature\\GSLC1\\vendor\\laravel\\framework\\src\\Illuminate\\View\\View.php(91): Illuminate\\View\\View->renderContents()
#16 D:\\BINUS\\Sem 5\\Web Prog\\LEC\\Forum\\Forum 1\\GSLC Blade Feature\\GSLC1\\storage\\framework\\views\\218cf5fcf7c4451cde2396d37a2af893f6a19d0c.php(17): Illuminate\\View\\View->render()
#17 D:\\BINUS\\Sem 5\\Web Prog\\LEC\\Forum\\Forum 1\\GSLC Blade Feature\\GSLC1\\vendor\\laravel\\framework\\src\\Illuminate\\Filesystem\\Filesystem.php(107): require('D:\\\\BINUS\\\\Sem 5\\\\...')
#18 D:\\BINUS\\Sem 5\\Web Prog\\LEC\\Forum\\Forum 1\\GSLC Blade Feature\\GSLC1\\vendor\\laravel\\framework\\src\\Illuminate\\Filesystem\\Filesystem.php(108): Illuminate\\Filesystem\\Filesystem::Illuminate\\Filesystem\\{closure}()
#19 D:\\BINUS\\Sem 5\\Web Prog\\LEC\\Forum\\Forum 1\\GSLC Blade Feature\\GSLC1\\vendor\\laravel\\framework\\src\\Illuminate\\View\\Engines\\PhpEngine.php(58): Illuminate\\Filesystem\\Filesystem->getRequire('D:\\\\BINUS\\\\Sem 5\\\\...', Array)
#20 D:\\BINUS\\Sem 5\\Web Prog\\LEC\\Forum\\Forum 1\\GSLC Blade Feature\\GSLC1\\vendor\\laravel\\framework\\src\\Illuminate\\View\\Engines\\CompilerEngine.php(61): Illuminate\\View\\Engines\\PhpEngine->evaluatePath('D:\\\\BINUS\\\\Sem 5\\\\...', Array)
#21 D:\\BINUS\\Sem 5\\Web Prog\\LEC\\Forum\\Forum 1\\GSLC Blade Feature\\GSLC1\\vendor\\facade\\ignition\\src\\Views\\Engines\\CompilerEngine.php(37): Illuminate\\View\\Engines\\CompilerEngine->get('D:\\\\BINUS\\\\Sem 5\\\\...', Array)
#22 D:\\BINUS\\Sem 5\\Web Prog\\LEC\\Forum\\Forum 1\\GSLC Blade Feature\\GSLC1\\vendor\\laravel\\framework\\src\\Illuminate\\View\\View.php(139): Facade\\Ignition\\Views\\Engines\\CompilerEngine->get('D:\\\\BINUS\\\\Sem 5\\\\...', Array)
#23 D:\\BINUS\\Sem 5\\Web Prog\\LEC\\Forum\\Forum 1\\GSLC Blade Feature\\GSLC1\\vendor\\laravel\\framework\\src\\Illuminate\\View\\View.php(122): Illuminate\\View\\View->getContents()
#24 D:\\BINUS\\Sem 5\\Web Prog\\LEC\\Forum\\Forum 1\\GSLC Blade Feature\\GSLC1\\vendor\\laravel\\framework\\src\\Illuminate\\View\\View.php(91): Illuminate\\View\\View->renderContents()
#25 D:\\BINUS\\Sem 5\\Web Prog\\LEC\\Forum\\Forum 1\\GSLC Blade Feature\\GSLC1\\vendor\\laravel\\framework\\src\\Illuminate\\Http\\Response.php(69): Illuminate\\View\\View->render()
#26 D:\\BINUS\\Sem 5\\Web Prog\\LEC\\Forum\\Forum 1\\GSLC Blade Feature\\GSLC1\\vendor\\laravel\\framework\\src\\Illuminate\\Http\\Response.php(35): Illuminate\\Http\\Response->setContent(Object(Illuminate\\View\\View))
#27 D:\\BINUS\\Sem 5\\Web Prog\\LEC\\Forum\\Forum 1\\GSLC Blade Feature\\GSLC1\\vendor\\laravel\\framework\\src\\Illuminate\\Routing\\Router.php(820): Illuminate\\Http\\Response->__construct(Object(Illuminate\\View\\View), 200, Array)
#28 D:\\BINUS\\Sem 5\\Web Prog\\LEC\\Forum\\Forum 1\\GSLC Blade Feature\\GSLC1\\vendor\\laravel\\framework\\src\\Illuminate\\Routing\\Router.php(789): Illuminate\\Routing\\Router::toResponse(Object(Illuminate\\Http\\Request), Object(Illuminate\\View\\View))
#29 D:\\BINUS\\Sem 5\\Web Prog\\LEC\\Forum\\Forum 1\\GSLC Blade Feature\\GSLC1\\vendor\\laravel\\framework\\src\\Illuminate\\Routing\\Router.php(721): Illuminate\\Routing\\Router->prepareResponse(Object(Illuminate\\Http\\Request), Object(Illuminate\\View\\View))
#30 D:\\BINUS\\Sem 5\\Web Prog\\LEC\\Forum\\Forum 1\\GSLC Blade Feature\\GSLC1\\vendor\\laravel\\framework\\src\\Illuminate\\Pipeline\\Pipeline.php(128): Illuminate\\Routing\\Router->Illuminate\\Routing\\{closure}(Object(Illuminate\\Http\\Request))
#31 D:\\BINUS\\Sem 5\\Web Prog\\LEC\\Forum\\Forum 1\\GSLC Blade Feature\\GSLC1\\vendor\\laravel\\framework\\src\\Illuminate\\Routing\\Middleware\\SubstituteBindings.php(50): Illuminate\\Pipeline\\Pipeline->Illuminate\\Pipeline\\{closure}(Object(Illuminate\\Http\\Request))
#32 D:\\BINUS\\Sem 5\\Web Prog\\LEC\\Forum\\Forum 1\\GSLC Blade Feature\\GSLC1\\vendor\\laravel\\framework\\src\\Illuminate\\Pipeline\\Pipeline.php(167): Illuminate\\Routing\\Middleware\\SubstituteBindings->handle(Object(Illuminate\\Http\\Request), Object(Closure))
#33 D:\\BINUS\\Sem 5\\Web Prog\\LEC\\Forum\\Forum 1\\GSLC Blade Feature\\GSLC1\\vendor\\laravel\\framework\\src\\Illuminate\\Foundation\\Http\\Middleware\\VerifyCsrfToken.php(78): Illuminate\\Pipeline\\Pipeline->Illuminate\\Pipeline\\{closure}(Object(Illuminate\\Http\\Request))
#34 D:\\BINUS\\Sem 5\\Web Prog\\LEC\\Forum\\Forum 1\\GSLC Blade Feature\\GSLC1\\vendor\\laravel\\framework\\src\\Illuminate\\Pipeline\\Pipeline.php(167): Illuminate\\Foundation\\Http\\Middleware\\VerifyCsrfToken->handle(Object(Illuminate\\Http\\Request), Object(Closure))
#35 D:\\BINUS\\Sem 5\\Web Prog\\LEC\\Forum\\Forum 1\\GSLC Blade Feature\\GSLC1\\vendor\\laravel\\framework\\src\\Illuminate\\View\\Middleware\\ShareErrorsFromSession.php(49): Illuminate\\Pipeline\\Pipeline->Illuminate\\Pipeline\\{closure}(Object(Illuminate\\Http\\Request))
#36 D:\\BINUS\\Sem 5\\Web Prog\\LEC\\Forum\\Forum 1\\GSLC Blade Feature\\GSLC1\\vendor\\laravel\\framework\\src\\Illuminate\\Pipeline\\Pipeline.php(167): Illuminate\\View\\Middleware\\ShareErrorsFromSession->handle(Object(Illuminate\\Http\\Request), Object(Closure))
#37 D:\\BINUS\\Sem 5\\Web Prog\\LEC\\Forum\\Forum 1\\GSLC Blade Feature\\GSLC1\\vendor\\laravel\\framework\\src\\Illuminate\\Session\\Middleware\\StartSession.php(121): Illuminate\\Pipeline\\Pipeline->Illuminate\\Pipeline\\{closure}(Object(Illuminate\\Http\\Request))
#38 D:\\BINUS\\Sem 5\\Web Prog\\LEC\\Forum\\Forum 1\\GSLC Blade Feature\\GSLC1\\vendor\\laravel\\framework\\src\\Illuminate\\Session\\Middleware\\StartSession.php(64): Illuminate\\Session\\Middleware\\StartSession->handleStatefulRequest(Object(Illuminate\\Http\\Request), Object(Illuminate\\Session\\Store), Object(Closure))
#39 D:\\BINUS\\Sem 5\\Web Prog\\LEC\\Forum\\Forum 1\\GSLC Blade Feature\\GSLC1\\vendor\\laravel\\framework\\src\\Illuminate\\Pipeline\\Pipeline.php(167): Illuminate\\Session\\Middleware\\StartSession->handle(Object(Illuminate\\Http\\Request), Object(Closure))
#40 D:\\BINUS\\Sem 5\\Web Prog\\LEC\\Forum\\Forum 1\\GSLC Blade Feature\\GSLC1\\vendor\\laravel\\framework\\src\\Illuminate\\Cookie\\Middleware\\AddQueuedCookiesToResponse.php(37): Illuminate\\Pipeline\\Pipeline->Illuminate\\Pipeline\\{closure}(Object(Illuminate\\Http\\Request))
#41 D:\\BINUS\\Sem 5\\Web Prog\\LEC\\Forum\\Forum 1\\GSLC Blade Feature\\GSLC1\\vendor\\laravel\\framework\\src\\Illuminate\\Pipeline\\Pipeline.php(167): Illuminate\\Cookie\\Middleware\\AddQueuedCookiesToResponse->handle(Object(Illuminate\\Http\\Request), Object(Closure))
#42 D:\\BINUS\\Sem 5\\Web Prog\\LEC\\Forum\\Forum 1\\GSLC Blade Feature\\GSLC1\\vendor\\laravel\\framework\\src\\Illuminate\\Cookie\\Middleware\\EncryptCookies.php(67): Illuminate\\Pipeline\\Pipeline->Illuminate\\Pipeline\\{closure}(Object(Illuminate\\Http\\Request))
#43 D:\\BINUS\\Sem 5\\Web Prog\\LEC\\Forum\\Forum 1\\GSLC Blade Feature\\GSLC1\\vendor\\laravel\\framework\\src\\Illuminate\\Pipeline\\Pipeline.php(167): Illuminate\\Cookie\\Middleware\\EncryptCookies->handle(Object(Illuminate\\Http\\Request), Object(Closure))
#44 D:\\BINUS\\Sem 5\\Web Prog\\LEC\\Forum\\Forum 1\\GSLC Blade Feature\\GSLC1\\vendor\\laravel\\framework\\src\\Illuminate\\Pipeline\\Pipeline.php(103): Illuminate\\Pipeline\\Pipeline->Illuminate\\Pipeline\\{closure}(Object(Illuminate\\Http\\Request))
#45 D:\\BINUS\\Sem 5\\Web Prog\\LEC\\Forum\\Forum 1\\GSLC Blade Feature\\GSLC1\\vendor\\laravel\\framework\\src\\Illuminate\\Routing\\Router.php(723): Illuminate\\Pipeline\\Pipeline->then(Object(Closure))
#46 D:\\BINUS\\Sem 5\\Web Prog\\LEC\\Forum\\Forum 1\\GSLC Blade Feature\\GSLC1\\vendor\\laravel\\framework\\src\\Illuminate\\Routing\\Router.php(698): Illuminate\\Routing\\Router->runRouteWithinStack(Object(Illuminate\\Routing\\Route), Object(Illuminate\\Http\\Request))
#47 D:\\BINUS\\Sem 5\\Web Prog\\LEC\\Forum\\Forum 1\\GSLC Blade Feature\\GSLC1\\vendor\\laravel\\framework\\src\\Illuminate\\Routing\\Router.php(662): Illuminate\\Routing\\Router->runRoute(Object(Illuminate\\Http\\Request), Object(Illuminate\\Routing\\Route))
#48 D:\\BINUS\\Sem 5\\Web Prog\\LEC\\Forum\\Forum 1\\GSLC Blade Feature\\GSLC1\\vendor\\laravel\\framework\\src\\Illuminate\\Routing\\Router.php(651): Illuminate\\Routing\\Router->dispatchToRoute(Object(Illuminate\\Http\\Request))
#49 D:\\BINUS\\Sem 5\\Web Prog\\LEC\\Forum\\Forum 1\\GSLC Blade Feature\\GSLC1\\vendor\\laravel\\framework\\src\\Illuminate\\Foundation\\Http\\Kernel.php(167): Illuminate\\Routing\\Router->dispatch(Object(Illuminate\\Http\\Request))
#50 D:\\BINUS\\Sem 5\\Web Prog\\LEC\\Forum\\Forum 1\\GSLC Blade Feature\\GSLC1\\vendor\\laravel\\framework\\src\\Illuminate\\Pipeline\\Pipeline.php(128): Illuminate\\Foundation\\Http\\Kernel->Illuminate\\Foundation\\Http\\{closure}(Object(Illuminate\\Http\\Request))
#51 D:\\BINUS\\Sem 5\\Web Prog\\LEC\\Forum\\Forum 1\\GSLC Blade Feature\\GSLC1\\vendor\\laravel\\framework\\src\\Illuminate\\Foundation\\Http\\Middleware\\TransformsRequest.php(21): Illuminate\\Pipeline\\Pipeline->Illuminate\\Pipeline\\{closure}(Object(Illuminate\\Http\\Request))
#52 D:\\BINUS\\Sem 5\\Web Prog\\LEC\\Forum\\Forum 1\\GSLC Blade Feature\\GSLC1\\vendor\\laravel\\framework\\src\\Illuminate\\Foundation\\Http\\Middleware\\ConvertEmptyStringsToNull.php(31): Illuminate\\Foundation\\Http\\Middleware\\TransformsRequest->handle(Object(Illuminate\\Http\\Request), Object(Closure))
#53 D:\\BINUS\\Sem 5\\Web Prog\\LEC\\Forum\\Forum 1\\GSLC Blade Feature\\GSLC1\\vendor\\laravel\\framework\\src\\Illuminate\\Pipeline\\Pipeline.php(167): Illuminate\\Foundation\\Http\\Middleware\\ConvertEmptyStringsToNull->handle(Object(Illuminate\\Http\\Request), Object(Closure))
#54 D:\\BINUS\\Sem 5\\Web Prog\\LEC\\Forum\\Forum 1\\GSLC Blade Feature\\GSLC1\\vendor\\laravel\\framework\\src\\Illuminate\\Foundation\\Http\\Middleware\\TransformsRequest.php(21): Illuminate\\Pipeline\\Pipeline->Illuminate\\Pipeline\\{closure}(Object(Illuminate\\Http\\Request))
#55 D:\\BINUS\\Sem 5\\Web Prog\\LEC\\Forum\\Forum 1\\GSLC Blade Feature\\GSLC1\\vendor\\laravel\\framework\\src\\Illuminate\\Foundation\\Http\\Middleware\\TrimStrings.php(40): Illuminate\\Foundation\\Http\\Middleware\\TransformsRequest->handle(Object(Illuminate\\Http\\Request), Object(Closure))
#56 D:\\BINUS\\Sem 5\\Web Prog\\LEC\\Forum\\Forum 1\\GSLC Blade Feature\\GSLC1\\vendor\\laravel\\framework\\src\\Illuminate\\Pipeline\\Pipeline.php(167): Illuminate\\Foundation\\Http\\Middleware\\TrimStrings->handle(Object(Illuminate\\Http\\Request), Object(Closure))
#57 D:\\BINUS\\Sem 5\\Web Prog\\LEC\\Forum\\Forum 1\\GSLC Blade Feature\\GSLC1\\vendor\\laravel\\framework\\src\\Illuminate\\Foundation\\Http\\Middleware\\ValidatePostSize.php(27): Illuminate\\Pipeline\\Pipeline->Illuminate\\Pipeline\\{closure}(Object(Illuminate\\Http\\Request))
#58 D:\\BINUS\\Sem 5\\Web Prog\\LEC\\Forum\\Forum 1\\GSLC Blade Feature\\GSLC1\\vendor\\laravel\\framework\\src\\Illuminate\\Pipeline\\Pipeline.php(167): Illuminate\\Foundation\\Http\\Middleware\\ValidatePostSize->handle(Object(Illuminate\\Http\\Request), Object(Closure))
#59 D:\\BINUS\\Sem 5\\Web Prog\\LEC\\Forum\\Forum 1\\GSLC Blade Feature\\GSLC1\\vendor\\laravel\\framework\\src\\Illuminate\\Foundation\\Http\\Middleware\\PreventRequestsDuringMaintenance.php(86): Illuminate\\Pipeline\\Pipeline->Illuminate\\Pipeline\\{closure}(Object(Illuminate\\Http\\Request))
#60 D:\\BINUS\\Sem 5\\Web Prog\\LEC\\Forum\\Forum 1\\GSLC Blade Feature\\GSLC1\\vendor\\laravel\\framework\\src\\Illuminate\\Pipeline\\Pipeline.php(167): Illuminate\\Foundation\\Http\\Middleware\\PreventRequestsDuringMaintenance->handle(Object(Illuminate\\Http\\Request), Object(Closure))
#61 D:\\BINUS\\Sem 5\\Web Prog\\LEC\\Forum\\Forum 1\\GSLC Blade Feature\\GSLC1\\vendor\\fruitcake\\laravel-cors\\src\\HandleCors.php(38): Illuminate\\Pipeline\\Pipeline->Illuminate\\Pipeline\\{closure}(Object(Illuminate\\Http\\Request))
#62 D:\\BINUS\\Sem 5\\Web Prog\\LEC\\Forum\\Forum 1\\GSLC Blade Feature\\GSLC1\\vendor\\laravel\\framework\\src\\Illuminate\\Pipeline\\Pipeline.php(167): Fruitcake\\Cors\\HandleCors->handle(Object(Illuminate\\Http\\Request), Object(Closure))
#63 D:\\BINUS\\Sem 5\\Web Prog\\LEC\\Forum\\Forum 1\\GSLC Blade Feature\\GSLC1\\vendor\\laravel\\framework\\src\\Illuminate\\Http\\Middleware\\TrustProxies.php(39): Illuminate\\Pipeline\\Pipeline->Illuminate\\Pipeline\\{closure}(Object(Illuminate\\Http\\Request))
#64 D:\\BINUS\\Sem 5\\Web Prog\\LEC\\Forum\\Forum 1\\GSLC Blade Feature\\GSLC1\\vendor\\laravel\\framework\\src\\Illuminate\\Pipeline\\Pipeline.php(167): Illuminate\\Http\\Middleware\\TrustProxies->handle(Object(Illuminate\\Http\\Request), Object(Closure))
#65 D:\\BINUS\\Sem 5\\Web Prog\\LEC\\Forum\\Forum 1\\GSLC Blade Feature\\GSLC1\\vendor\\laravel\\framework\\src\\Illuminate\\Pipeline\\Pipeline.php(103): Illuminate\\Pipeline\\Pipeline->Illuminate\\Pipeline\\{closure}(Object(Illuminate\\Http\\Request))
#66 D:\\BINUS\\Sem 5\\Web Prog\\LEC\\Forum\\Forum 1\\GSLC Blade Feature\\GSLC1\\vendor\\laravel\\framework\\src\\Illuminate\\Foundation\\Http\\Kernel.php(142): Illuminate\\Pipeline\\Pipeline->then(Object(Closure))
#67 D:\\BINUS\\Sem 5\\Web Prog\\LEC\\Forum\\Forum 1\\GSLC Blade Feature\\GSLC1\\vendor\\laravel\\framework\\src\\Illuminate\\Foundation\\Http\\Kernel.php(111): Illuminate\\Foundation\\Http\\Kernel->sendRequestThroughRouter(Object(Illuminate\\Http\\Request))
#68 D:\\BINUS\\Sem 5\\Web Prog\\LEC\\Forum\\Forum 1\\GSLC Blade Feature\\GSLC1\\public\\index.php(52): Illuminate\\Foundation\\Http\\Kernel->handle(Object(Illuminate\\Http\\Request))
#69 D:\\BINUS\\Sem 5\\Web Prog\\LEC\\Forum\\Forum 1\\GSLC Blade Feature\\GSLC1\\server.php(21): require_once('D:\\\\BINUS\\\\Sem 5\\\\...')
#70 {main}
"} 
